生成启动时间为 2020/6/1 21:52:53。
     1>项目“C:\vc代码暂存\MFCZongHe1\MFCZongHe1\MFCZongHe1.vcxproj”在节点 2 上(build 个目标)。
     1>InitializeBuildStatus:
         正在创建“Debug\MFCZongHe1.unsuccessfulbuild”，因为已指定“AlwaysCreate”。
       ClCompile:
         所有输出均为最新。
         C:\Program Files (x86)\Microsoft Visual Studio 10.0\VC\bin\CL.exe /c /ZI /nologo /W3 /WX- /Od /Oy- /D WIN32 /D _WINDOWS /D _DEBUG /D _UNICODE /D UNICODE /D _AFXDLL /Gm /EHsc /RTC1 /MDd /GS /fp:precise /Zc:wchar_t /Zc:forScope /Yu"StdAfx.h" /Fp"Debug\MFCZongHe1.pch" /Fo"Debug\\" /Fd"Debug\vc100.pdb" /Gd /TP /analyze- /errorReport:prompt MFCZongHe1Set.cpp
         MFCZongHe1Set.cpp
       ResourceCompile:
         所有输出均为最新。
       ManifestResourceCompile:
         所有输出均为最新。
       Link:
         C:\Program Files (x86)\Microsoft Visual Studio 10.0\VC\bin\link.exe /ERRORREPORT:PROMPT /OUT:"C:\vc代码暂存\MFCZongHe1\Debug\MFCZongHe1.exe" /INCREMENTAL /NOLOGO odbc32.lib /MANIFEST /ManifestFile:"Debug\MFCZongHe1.exe.intermediate.manifest" /MANIFESTUAC:"level='asInvoker' uiAccess='false'" /DEBUG /PDB:"C:\vc代码暂存\MFCZongHe1\Debug\MFCZongHe1.pdb" /SUBSYSTEM:WINDOWS /TLBID:1 /ENTRY:"wWinMainCRTStartup" /DYNAMICBASE /NXCOMPAT /IMPLIB:"C:\vc代码暂存\MFCZongHe1\Debug\MFCZongHe1.lib" /MACHINE:X86 Debug\MFCZongHe1.res
         Debug\MFCZongHe1.exe.embed.manifest.res
         Debug\MainFrm.obj
         Debug\MFCZongHe1.obj
         Debug\MFCZongHe1Doc.obj
         Debug\MFCZongHe1Set.obj
         Debug\MFCZongHe1View.obj
         Debug\stdafx.obj
       Manifest:
         C:\Program Files (x86)\Microsoft SDKs\Windows\v7.0A\bin\mt.exe /nologo /verbose /out:"Debug\MFCZongHe1.exe.embed.manifest" /manifest Debug\MFCZongHe1.exe.intermediate.manifest "C:\Program Files (x86)\Microsoft Visual Studio 10.0\VC\Include\Manifest\dpiaware.manifest"
         所有输出均为最新。
       LinkEmbedManifest:
         所有输出均为最新。
         MFCZongHe1.vcxproj -> C:\vc代码暂存\MFCZongHe1\Debug\MFCZongHe1.exe
       FinalizeBuildStatus:
         正在删除文件“Debug\MFCZongHe1.unsuccessfulbuild”。
         正在对“Debug\MFCZongHe1.lastbuildstate”执行 Touch 任务。
     1>已完成生成项目“C:\vc代码暂存\MFCZongHe1\MFCZongHe1\MFCZongHe1.vcxproj”(build 个目标)的操作。

生成成功。

已用时间 00:00:07.91
