生成启动时间为 2020/6/8 17:45:10。
     1>项目“C:\vc代码暂存\MFCZhongHe2(1)\MFCZhongHe2(1)\MFCZhongHe2(1).vcxproj”在节点 2 上(build 个目标)。
     1>InitializeBuildStatus:
         正在对“Debug\MFCZhongHe2(1).unsuccessfulbuild”执行 Touch 任务。
       ClCompile:
         所有输出均为最新。
         C:\Program Files (x86)\Microsoft Visual Studio 10.0\VC\bin\CL.exe /c /ZI /nologo /W3 /WX- /Od /Oy- /D WIN32 /D _WINDOWS /D _DEBUG /D _UNICODE /D UNICODE /D _AFXDLL /Gm /EHsc /RTC1 /MDd /GS /fp:precise /Zc:wchar_t /Zc:forScope /Yu"StdAfx.h" /Fp"Debug\MFCZhongHe2(1).pch" /Fo"Debug\\" /Fd"Debug\vc100.pdb" /Gd /TP /analyze- /errorReport:prompt "MFCZhongHe2(1)View.cpp"
         MFCZhongHe2(1)View.cpp
     1>c:\vc代码暂存\mfczhonghe2(1)\mfczhonghe2(1)\mfczhonghe2(1)view.cpp(161): warning C4244: “初始化”: 从“double”转换到“float”，可能丢失数据
     1>c:\vc代码暂存\mfczhonghe2(1)\mfczhonghe2(1)\mfczhonghe2(1)view.cpp(162): warning C4244: “初始化”: 从“double”转换到“float”，可能丢失数据
     1>c:\vc代码暂存\mfczhonghe2(1)\mfczhonghe2(1)\mfczhonghe2(1)view.cpp(167): warning C4244: “=”: 从“float”转换到“int”，可能丢失数据
     1>c:\vc代码暂存\mfczhonghe2(1)\mfczhonghe2(1)\mfczhonghe2(1)view.cpp(173): warning C4244: “=”: 从“float”转换到“int”，可能丢失数据
     1>c:\vc代码暂存\mfczhonghe2(1)\mfczhonghe2(1)\mfczhonghe2(1)view.cpp(190): warning C4244: “初始化”: 从“double”转换到“float”，可能丢失数据
     1>c:\vc代码暂存\mfczhonghe2(1)\mfczhonghe2(1)\mfczhonghe2(1)view.cpp(191): warning C4244: “初始化”: 从“double”转换到“float”，可能丢失数据
     1>c:\vc代码暂存\mfczhonghe2(1)\mfczhonghe2(1)\mfczhonghe2(1)view.cpp(196): warning C4244: “=”: 从“float”转换到“int”，可能丢失数据
     1>c:\vc代码暂存\mfczhonghe2(1)\mfczhonghe2(1)\mfczhonghe2(1)view.cpp(202): warning C4244: “=”: 从“float”转换到“int”，可能丢失数据
       ResourceCompile:
         所有输出均为最新。
       ManifestResourceCompile:
         所有输出均为最新。
       Link:
         C:\Program Files (x86)\Microsoft Visual Studio 10.0\VC\bin\link.exe /ERRORREPORT:PROMPT /OUT:"C:\vc代码暂存\MFCZhongHe2(1)\Debug\MFCZhongHe2(1).exe" /INCREMENTAL /NOLOGO odbc32.lib /MANIFEST /ManifestFile:"Debug\MFCZhongHe2(1).exe.intermediate.manifest" /MANIFESTUAC:"level='asInvoker' uiAccess='false'" /DEBUG /PDB:"C:\vc代码暂存\MFCZhongHe2(1)\Debug\MFCZhongHe2(1).pdb" /SUBSYSTEM:WINDOWS /TLBID:1 /ENTRY:"wWinMainCRTStartup" /DYNAMICBASE /NXCOMPAT /IMPLIB:"C:\vc代码暂存\MFCZhongHe2(1)\Debug\MFCZhongHe2(1).lib" /MACHINE:X86 "Debug\MFCZhongHe2(1).res"
         "Debug\MFCZhongHe2(1).exe.embed.manifest.res"
         Debug\Dlg.obj
         Debug\MainFrm.obj
         "Debug\MFCZhongHe2(1).obj"
         "Debug\MFCZhongHe2(1)Doc.obj"
         "Debug\MFCZhongHe2(1)Set.obj"
         "Debug\MFCZhongHe2(1)View.obj"
         Debug\stdafx.obj
       Manifest:
         C:\Program Files (x86)\Microsoft SDKs\Windows\v7.0A\bin\mt.exe /nologo /verbose /out:"Debug\MFCZhongHe2(1).exe.embed.manifest" /manifest "Debug\MFCZhongHe2(1).exe.intermediate.manifest" "C:\Program Files (x86)\Microsoft Visual Studio 10.0\VC\Include\Manifest\dpiaware.manifest"
         所有输出均为最新。
       LinkEmbedManifest:
         所有输出均为最新。
         MFCZhongHe2(1).vcxproj -> C:\vc代码暂存\MFCZhongHe2(1)\Debug\MFCZhongHe2(1).exe
       FinalizeBuildStatus:
         正在删除文件“Debug\MFCZhongHe2(1).unsuccessfulbuild”。
         正在对“Debug\MFCZhongHe2(1).lastbuildstate”执行 Touch 任务。
     1>已完成生成项目“C:\vc代码暂存\MFCZhongHe2(1)\MFCZhongHe2(1)\MFCZhongHe2(1).vcxproj”(build 个目标)的操作。

生成成功。

已用时间 00:00:00.83
