生成启动时间为 2020/5/25 15:30:41。
     1>项目“C:\vc代码暂存\MFCtext14(2)\MFCtext14(2)\MFCtext14(2).vcxproj”在节点 2 上(build 个目标)。
     1>InitializeBuildStatus:
         正在创建“Debug\MFCtext14(2).unsuccessfulbuild”，因为已指定“AlwaysCreate”。
       ClCompile:
         C:\Program Files (x86)\Microsoft Visual Studio 10.0\VC\bin\CL.exe /c /ZI /nologo /W3 /WX- /Od /Oy- /D WIN32 /D _WINDOWS /D _DEBUG /D _UNICODE /D UNICODE /D _AFXDLL /Gm /EHsc /RTC1 /MDd /GS /fp:precise /Zc:wchar_t /Zc:forScope /Yc"StdAfx.h" /Fp"Debug\MFCtext14(2).pch" /Fo"Debug\\" /Fd"Debug\vc100.pdb" /Gd /TP /analyze- /errorReport:prompt stdafx.cpp
         stdafx.cpp
         C:\Program Files (x86)\Microsoft Visual Studio 10.0\VC\bin\CL.exe /c /ZI /nologo /W3 /WX- /Od /Oy- /D WIN32 /D _WINDOWS /D _DEBUG /D _UNICODE /D UNICODE /D _AFXDLL /Gm /EHsc /RTC1 /MDd /GS /fp:precise /Zc:wchar_t /Zc:forScope /Yu"StdAfx.h" /Fp"Debug\MFCtext14(2).pch" /Fo"Debug\\" /Fd"Debug\vc100.pdb" /Gd /TP /analyze- /errorReport:prompt "MFCtext14(2).cpp" "MFCtext14(2)Dlg.cpp"
         正在跳过...(未检测到相关更改)
         MFCtext14(2)Dlg.cpp
         MFCtext14(2).cpp
       ResourceCompile:
         所有输出均为最新。
       ManifestResourceCompile:
         所有输出均为最新。
       Link:
         C:\Program Files (x86)\Microsoft Visual Studio 10.0\VC\bin\link.exe /ERRORREPORT:PROMPT /OUT:"C:\vc代码暂存\MFCtext14(2)\Debug\MFCtext14(2).exe" /INCREMENTAL /NOLOGO /MANIFEST /ManifestFile:"Debug\MFCtext14(2).exe.intermediate.manifest" /MANIFESTUAC:"level='asInvoker' uiAccess='false'" /DEBUG /PDB:"C:\vc代码暂存\MFCtext14(2)\Debug\MFCtext14(2).pdb" /SUBSYSTEM:WINDOWS /TLBID:1 /ENTRY:"wWinMainCRTStartup" /DYNAMICBASE /NXCOMPAT /IMPLIB:"C:\vc代码暂存\MFCtext14(2)\Debug\MFCtext14(2).lib" /MACHINE:X86 "Debug\MFCtext14(2).res"
         "Debug\MFCtext14(2).exe.embed.manifest.res"
         "Debug\MFCtext14(2).obj"
         "Debug\MFCtext14(2)Dlg.obj"
         Debug\stdafx.obj
       Manifest:
         C:\Program Files (x86)\Microsoft SDKs\Windows\v7.0A\bin\mt.exe /nologo /verbose /out:"Debug\MFCtext14(2).exe.embed.manifest" /manifest "Debug\MFCtext14(2).exe.intermediate.manifest" "C:\Program Files (x86)\Microsoft Visual Studio 10.0\VC\Include\Manifest\dpiaware.manifest"
         所有输出均为最新。
       LinkEmbedManifest:
         所有输出均为最新。
         MFCtext14(2).vcxproj -> C:\vc代码暂存\MFCtext14(2)\Debug\MFCtext14(2).exe
       FinalizeBuildStatus:
         正在删除文件“Debug\MFCtext14(2).unsuccessfulbuild”。
         正在对“Debug\MFCtext14(2).lastbuildstate”执行 Touch 任务。
     1>已完成生成项目“C:\vc代码暂存\MFCtext14(2)\MFCtext14(2)\MFCtext14(2).vcxproj”(build 个目标)的操作。

生成成功。

已用时间 00:00:01.54
