生成启动时间为 2020/3/10 14:29:46。
     1>项目“c:\Users\14282\documents\visual studio 2010\Projects\MFCtext4\MFCtext4\MFCtext4.vcxproj”在节点 2 上(build 个目标)。
     1>InitializeBuildStatus:
         正在创建“Debug\MFCtext4.unsuccessfulbuild”，因为已指定“AlwaysCreate”。
       ClCompile:
         所有输出均为最新。
         C:\Program Files (x86)\Microsoft Visual Studio 10.0\VC\bin\CL.exe /c /ZI /nologo /W3 /WX- /Od /Oy- /D WIN32 /D _WINDOWS /D _DEBUG /D _UNICODE /D UNICODE /D _AFXDLL /Gm /EHsc /RTC1 /MDd /GS /fp:precise /Zc:wchar_t /Zc:forScope /Yu"StdAfx.h" /Fp"Debug\MFCtext4.pch" /Fo"Debug\\" /Fd"Debug\vc100.pdb" /Gd /TP /analyze- /errorReport:prompt MFCtext4View.cpp
         MFCtext4View.cpp
       ResourceCompile:
         所有输出均为最新。
       ManifestResourceCompile:
         所有输出均为最新。
       Link:
         C:\Program Files (x86)\Microsoft Visual Studio 10.0\VC\bin\link.exe /ERRORREPORT:PROMPT /OUT:"c:\users\14282\documents\visual studio 2010\Projects\MFCtext4\Debug\MFCtext4.exe" /INCREMENTAL /NOLOGO /MANIFEST /ManifestFile:"Debug\MFCtext4.exe.intermediate.manifest" /MANIFESTUAC:"level='asInvoker' uiAccess='false'" /DEBUG /PDB:"c:\users\14282\documents\visual studio 2010\Projects\MFCtext4\Debug\MFCtext4.pdb" /SUBSYSTEM:WINDOWS /TLBID:1 /ENTRY:"wWinMainCRTStartup" /DYNAMICBASE /NXCOMPAT /IMPLIB:"c:\users\14282\documents\visual studio 2010\Projects\MFCtext4\Debug\MFCtext4.lib" /MACHINE:X86 Debug\MFCtext4.res
         Debug\MFCtext4.exe.embed.manifest.res
         Debug\MainFrm.obj
         Debug\MFCtext4.obj
         Debug\MFCtext4Doc.obj
         Debug\MFCtext4View.obj
         Debug\stdafx.obj
       Manifest:
         C:\Program Files (x86)\Microsoft SDKs\Windows\v7.0A\bin\mt.exe /nologo /verbose /out:"Debug\MFCtext4.exe.embed.manifest" /manifest Debug\MFCtext4.exe.intermediate.manifest "C:\Program Files (x86)\Microsoft Visual Studio 10.0\VC\Include\Manifest\dpiaware.manifest"
         所有输出均为最新。
       LinkEmbedManifest:
         所有输出均为最新。
         MFCtext4.vcxproj -> c:\users\14282\documents\visual studio 2010\Projects\MFCtext4\Debug\MFCtext4.exe
       FinalizeBuildStatus:
         正在删除文件“Debug\MFCtext4.unsuccessfulbuild”。
         正在对“Debug\MFCtext4.lastbuildstate”执行 Touch 任务。
     1>已完成生成项目“c:\Users\14282\documents\visual studio 2010\Projects\MFCtext4\MFCtext4\MFCtext4.vcxproj”(build 个目标)的操作。

生成成功。

已用时间 00:00:03.81
