生成启动时间为 2020/3/29 20:33:55。
     1>项目“C:\VC-MFC-codes\MFCtext3(2)\MFCtext3(2)\MFCtext3(2).vcxproj”在节点 2 上(build 个目标)。
     1>InitializeBuildStatus:
         正在创建“Debug\MFCtext3(2).unsuccessfulbuild”，因为已指定“AlwaysCreate”。
       ClCompile:
         C:\Program Files (x86)\Microsoft Visual Studio 10.0\VC\bin\CL.exe /c /ZI /nologo /W3 /WX- /Od /Oy- /D WIN32 /D _WINDOWS /D _DEBUG /D _UNICODE /D UNICODE /D _AFXDLL /Gm /EHsc /RTC1 /MDd /GS /fp:precise /Zc:wchar_t /Zc:forScope /Yc"StdAfx.h" /Fp"Debug\MFCtext3(2).pch" /Fo"Debug\\" /Fd"Debug\vc100.pdb" /Gd /TP /analyze- /errorReport:prompt stdafx.cpp
         stdafx.cpp
         C:\Program Files (x86)\Microsoft Visual Studio 10.0\VC\bin\CL.exe /c /ZI /nologo /W3 /WX- /Od /Oy- /D WIN32 /D _WINDOWS /D _DEBUG /D _UNICODE /D UNICODE /D _AFXDLL /Gm /EHsc /RTC1 /MDd /GS /fp:precise /Zc:wchar_t /Zc:forScope /Yu"StdAfx.h" /Fp"Debug\MFCtext3(2).pch" /Fo"Debug\\" /Fd"Debug\vc100.pdb" /Gd /TP /analyze- /errorReport:prompt MainFrm.cpp "MFCtext3(2).cpp" "MFCtext3(2)Doc.cpp" "MFCtext3(2)View.cpp"
         MFCtext3(2)View.cpp
         MFCtext3(2)Doc.cpp
         MFCtext3(2).cpp
         MainFrm.cpp
         正在生成代码...
       ResourceCompile:
         C:\Program Files (x86)\Microsoft SDKs\Windows\v7.0A\bin\rc.exe /D _DEBUG /D _UNICODE /D UNICODE /D _AFXDLL /l"0x0804" /IDebug\ /nologo /fo"Debug\MFCtext3(2).res" "MFCtext3(2).rc" 
       ManifestResourceCompile:
         C:\Program Files (x86)\Microsoft SDKs\Windows\v7.0A\bin\rc.exe /nologo /fo"Debug\MFCtext3(2).exe.embed.manifest.res" "Debug\MFCtext3(2)_manifest.rc" 
       Link:
         C:\Program Files (x86)\Microsoft Visual Studio 10.0\VC\bin\link.exe /ERRORREPORT:PROMPT /OUT:"C:\VC-MFC-codes\MFCtext3(2)\Debug\MFCtext3(2).exe" /INCREMENTAL /NOLOGO /MANIFEST /ManifestFile:"Debug\MFCtext3(2).exe.intermediate.manifest" /MANIFESTUAC:"level='asInvoker' uiAccess='false'" /DEBUG /PDB:"C:\VC-MFC-codes\MFCtext3(2)\Debug\MFCtext3(2).pdb" /SUBSYSTEM:WINDOWS /TLBID:1 /ENTRY:"wWinMainCRTStartup" /DYNAMICBASE /NXCOMPAT /IMPLIB:"C:\VC-MFC-codes\MFCtext3(2)\Debug\MFCtext3(2).lib" /MACHINE:X86 "Debug\MFCtext3(2).res"
         "Debug\MFCtext3(2).exe.embed.manifest.res"
         Debug\MainFrm.obj
         "Debug\MFCtext3(2).obj"
         "Debug\MFCtext3(2)Doc.obj"
         "Debug\MFCtext3(2)View.obj"
         Debug\stdafx.obj
       Manifest:
         C:\Program Files (x86)\Microsoft SDKs\Windows\v7.0A\bin\mt.exe /nologo /verbose /out:"Debug\MFCtext3(2).exe.embed.manifest" /manifest "Debug\MFCtext3(2).exe.intermediate.manifest" "C:\Program Files (x86)\Microsoft Visual Studio 10.0\VC\Include\Manifest\dpiaware.manifest"
         所有输出均为最新。
       LinkEmbedManifest:
         所有输出均为最新。
         MFCtext3(2).vcxproj -> C:\VC-MFC-codes\MFCtext3(2)\Debug\MFCtext3(2).exe
       FinalizeBuildStatus:
         正在删除文件“Debug\MFCtext3(2).unsuccessfulbuild”。
         正在对“Debug\MFCtext3(2).lastbuildstate”执行 Touch 任务。
     1>已完成生成项目“C:\VC-MFC-codes\MFCtext3(2)\MFCtext3(2)\MFCtext3(2).vcxproj”(build 个目标)的操作。

生成成功。

已用时间 00:00:34.51
