生成启动时间为 2020/5/29 20:05:34。
     1>项目“C:\vc代码暂存\MFCtext15\Dll\Dll.vcxproj”在节点 3 上(build 个目标)。
     1>InitializeBuildStatus:
         正在创建“Debug\Dll.unsuccessfulbuild”，因为已指定“AlwaysCreate”。
       ClCompile:
         所有输出均为最新。
         C:\Program Files (x86)\Microsoft Visual Studio 10.0\VC\bin\CL.exe /c /ZI /nologo /W3 /WX- /Od /Oy- /D WIN32 /D _DEBUG /D _WINDOWS /D _USRDLL /D DLL_EXPORTS /D _WINDLL /D _UNICODE /D UNICODE /Gm /EHsc /RTC1 /MDd /GS /fp:precise /Zc:wchar_t /Zc:forScope /Yu"StdAfx.h" /Fp"Debug\Dll.pch" /Fo"Debug\\" /Fd"Debug\vc100.pdb" /Gd /TP /analyze- /errorReport:prompt Dll.cpp
         Dll.cpp
         所有输出均为最新。
       ManifestResourceCompile:
         所有输出均为最新。
       Link:
         C:\Program Files (x86)\Microsoft Visual Studio 10.0\VC\bin\link.exe /ERRORREPORT:PROMPT /OUT:"C:\vc代码暂存\MFCtext15\Debug\Dll.dll" /INCREMENTAL /NOLOGO kernel32.lib user32.lib gdi32.lib winspool.lib comdlg32.lib advapi32.lib shell32.lib ole32.lib oleaut32.lib uuid.lib odbc32.lib odbccp32.lib /MANIFEST /ManifestFile:"Debug\Dll.dll.intermediate.manifest" /MANIFESTUAC:"level='asInvoker' uiAccess='false'" /DEBUG /PDB:"C:\vc代码暂存\MFCtext15\Debug\Dll.pdb" /SUBSYSTEM:WINDOWS /TLBID:1 /DYNAMICBASE /NXCOMPAT /IMPLIB:"C:\vc代码暂存\MFCtext15\Debug\Dll.lib" /MACHINE:X86 /DLL Debug\Dll.dll.embed.manifest.res
         Debug\Dll.obj
         Debug\dllmain.obj
         Debug\stdafx.obj
            正在创建库 C:\vc代码暂存\MFCtext15\Debug\Dll.lib 和对象 C:\vc代码暂存\MFCtext15\Debug\Dll.exp
       Manifest:
         C:\Program Files (x86)\Microsoft SDKs\Windows\v7.0A\bin\mt.exe /nologo /verbose /out:"Debug\Dll.dll.embed.manifest" /manifest Debug\Dll.dll.intermediate.manifest
         所有输出均为最新。
       LinkEmbedManifest:
         所有输出均为最新。
         Dll.vcxproj -> C:\vc代码暂存\MFCtext15\Debug\Dll.dll
       FinalizeBuildStatus:
         正在删除文件“Debug\Dll.unsuccessfulbuild”。
         正在对“Debug\Dll.lastbuildstate”执行 Touch 任务。
     1>已完成生成项目“C:\vc代码暂存\MFCtext15\Dll\Dll.vcxproj”(build 个目标)的操作。

生成成功。

已用时间 00:00:00.81
