生成启动时间为 2020/3/29 21:05:50。
     1>项目“C:\VC-MFC-codes\MFCtext3\MFCtext3\MFCtext3.vcxproj”在节点 2 上(build 个目标)。
     1>InitializeBuildStatus:
         正在创建“Debug\MFCtext3.unsuccessfulbuild”，因为已指定“AlwaysCreate”。
       ClCompile:
         所有输出均为最新。
         C:\Program Files (x86)\Microsoft Visual Studio 10.0\VC\bin\CL.exe /c /ZI /nologo /W3 /WX- /Od /Oy- /D WIN32 /D _WINDOWS /D _DEBUG /D _UNICODE /D UNICODE /D _AFXDLL /Gm /EHsc /RTC1 /MDd /GS /fp:precise /Zc:wchar_t /Zc:forScope /Yu"StdAfx.h" /Fp"Debug\MFCtext3.pch" /Fo"Debug\\" /Fd"Debug\vc100.pdb" /Gd /TP /analyze- /errorReport:prompt MFCtext3View.cpp
         MFCtext3View.cpp
       ResourceCompile:
         所有输出均为最新。
       ManifestResourceCompile:
         所有输出均为最新。
       Link:
         C:\Program Files (x86)\Microsoft Visual Studio 10.0\VC\bin\link.exe /ERRORREPORT:PROMPT /OUT:"C:\VC-MFC-codes\MFCtext3\Debug\MFCtext3.exe" /INCREMENTAL /NOLOGO /MANIFEST /ManifestFile:"Debug\MFCtext3.exe.intermediate.manifest" /MANIFESTUAC:"level='asInvoker' uiAccess='false'" /DEBUG /PDB:"C:\VC-MFC-codes\MFCtext3\Debug\MFCtext3.pdb" /SUBSYSTEM:WINDOWS /TLBID:1 /ENTRY:"wWinMainCRTStartup" /DYNAMICBASE /NXCOMPAT /IMPLIB:"C:\VC-MFC-codes\MFCtext3\Debug\MFCtext3.lib" /MACHINE:X86 Debug\MFCtext3.res
         Debug\MFCtext3.exe.embed.manifest.res
         Debug\MainFrm.obj
         Debug\MFCtext3.obj
         Debug\MFCtext3Doc.obj
         Debug\MFCtext3View.obj
         Debug\stdafx.obj
       Manifest:
         C:\Program Files (x86)\Microsoft SDKs\Windows\v7.0A\bin\mt.exe /nologo /verbose /out:"Debug\MFCtext3.exe.embed.manifest" /manifest Debug\MFCtext3.exe.intermediate.manifest "C:\Program Files (x86)\Microsoft Visual Studio 10.0\VC\Include\Manifest\dpiaware.manifest"
         所有输出均为最新。
       LinkEmbedManifest:
         所有输出均为最新。
         MFCtext3.vcxproj -> C:\VC-MFC-codes\MFCtext3\Debug\MFCtext3.exe
       FinalizeBuildStatus:
         正在删除文件“Debug\MFCtext3.unsuccessfulbuild”。
         正在对“Debug\MFCtext3.lastbuildstate”执行 Touch 任务。
     1>已完成生成项目“C:\VC-MFC-codes\MFCtext3\MFCtext3\MFCtext3.vcxproj”(build 个目标)的操作。

生成成功。

已用时间 00:00:03.82
