生成启动时间为 2020/5/29 20:05:34。
     1>项目“C:\vc代码暂存\MFCtext15\Using\Using.vcxproj”在节点 2 上(build 个目标)。
     1>InitializeBuildStatus:
         正在创建“Debug\Using.unsuccessfulbuild”，因为已指定“AlwaysCreate”。
       ClCompile:
         所有输出均为最新。
         C:\Program Files (x86)\Microsoft Visual Studio 10.0\VC\bin\CL.exe /c /I..\MFCtext15 /I..\DLL /ZI /nologo /W3 /WX- /Od /Oy- /D WIN32 /D _WINDOWS /D _DEBUG /D _UNICODE /D UNICODE /D _AFXDLL /Gm /EHsc /RTC1 /MDd /GS /fp:precise /Zc:wchar_t /Zc:forScope /Yu"StdAfx.h" /Fp"Debug\Using.pch" /Fo"Debug\\" /Fd"Debug\vc100.pdb" /Gd /TP /analyze- /errorReport:prompt UsingView.cpp
         UsingView.cpp
       ResourceCompile:
         所有输出均为最新。
       ManifestResourceCompile:
         所有输出均为最新。
       Link:
         C:\Program Files (x86)\Microsoft Visual Studio 10.0\VC\bin\link.exe /ERRORREPORT:PROMPT /OUT:"C:\vc代码暂存\MFCtext15\Debug\Using.exe" /INCREMENTAL /NOLOGO /LIBPATH:../Debug MFCtext15.lib Dll.lib /MANIFEST /ManifestFile:"Debug\Using.exe.intermediate.manifest" /MANIFESTUAC:"level='asInvoker' uiAccess='false'" /DEBUG /PDB:"C:\vc代码暂存\MFCtext15\Debug\Using.pdb" /SUBSYSTEM:WINDOWS /TLBID:1 /ENTRY:"wWinMainCRTStartup" /DYNAMICBASE /NXCOMPAT /IMPLIB:"C:\vc代码暂存\MFCtext15\Debug\Using.lib" /MACHINE:X86 Debug\Using.res
         Debug\Using.exe.embed.manifest.res
         Debug\MainFrm.obj
         Debug\stdafx.obj
         Debug\Using.obj
         Debug\UsingDoc.obj
         Debug\UsingView.obj
       Manifest:
         C:\Program Files (x86)\Microsoft SDKs\Windows\v7.0A\bin\mt.exe /nologo /verbose /out:"Debug\Using.exe.embed.manifest" /manifest Debug\Using.exe.intermediate.manifest "C:\Program Files (x86)\Microsoft Visual Studio 10.0\VC\Include\Manifest\dpiaware.manifest"
         所有输出均为最新。
       LinkEmbedManifest:
         所有输出均为最新。
         Using.vcxproj -> C:\vc代码暂存\MFCtext15\Debug\Using.exe
       FinalizeBuildStatus:
         正在删除文件“Debug\Using.unsuccessfulbuild”。
         正在对“Debug\Using.lastbuildstate”执行 Touch 任务。
     1>已完成生成项目“C:\vc代码暂存\MFCtext15\Using\Using.vcxproj”(build 个目标)的操作。

生成成功。

已用时间 00:00:01.07
