生成启动时间为 2020/6/8 19:58:36。
     1>项目“C:\vc代码暂存\MFCZhongHe3\MFCZhongHe3\MFCZhongHe3.vcxproj”在节点 2 上(build 个目标)。
     1>InitializeBuildStatus:
         正在创建“Debug\MFCZhongHe3.unsuccessfulbuild”，因为已指定“AlwaysCreate”。
       ClCompile:
         所有输出均为最新。
         C:\Program Files (x86)\Microsoft Visual Studio 10.0\VC\bin\CL.exe /c /ZI /nologo /W3 /WX- /Od /Oy- /D WIN32 /D _WINDOWS /D _DEBUG /D _UNICODE /D UNICODE /D _AFXDLL /Gm /EHsc /RTC1 /MDd /GS /fp:precise /Zc:wchar_t /Zc:forScope /Yu"StdAfx.h" /Fp"Debug\MFCZhongHe3.pch" /Fo"Debug\\" /Fd"Debug\vc100.pdb" /Gd /TP /analyze- /errorReport:prompt ADDdlg.cpp changeDlg.cpp MainFrm.cpp MFCZhongHe3.cpp MFCZhongHe3Doc.cpp MFCZhongHe3Set.cpp MFCZhongHe3View.cpp
         MFCZhongHe3View.cpp
         changeDlg.cpp
         正在生成代码...
         正在编译...
         MFCZhongHe3Set.cpp
         MFCZhongHe3Doc.cpp
         MFCZhongHe3.cpp
         MainFrm.cpp
         ADDdlg.cpp
         正在生成代码...
       ResourceCompile:
         C:\Program Files (x86)\Microsoft SDKs\Windows\v7.0A\bin\rc.exe /D _DEBUG /D _UNICODE /D UNICODE /D _AFXDLL /l"0x0804" /IDebug\ /nologo /fo"Debug\MFCZhongHe3.res" MFCZhongHe3.rc 
       ManifestResourceCompile:
         所有输出均为最新。
       Link:
         C:\Program Files (x86)\Microsoft Visual Studio 10.0\VC\bin\link.exe /ERRORREPORT:PROMPT /OUT:"C:\vc代码暂存\MFCZhongHe3\Debug\MFCZhongHe3.exe" /INCREMENTAL /NOLOGO odbc32.lib /MANIFEST /ManifestFile:"Debug\MFCZhongHe3.exe.intermediate.manifest" /MANIFESTUAC:"level='asInvoker' uiAccess='false'" /DEBUG /PDB:"C:\vc代码暂存\MFCZhongHe3\Debug\MFCZhongHe3.pdb" /SUBSYSTEM:WINDOWS /TLBID:1 /ENTRY:"wWinMainCRTStartup" /DYNAMICBASE /NXCOMPAT /IMPLIB:"C:\vc代码暂存\MFCZhongHe3\Debug\MFCZhongHe3.lib" /MACHINE:X86 Debug\MFCZhongHe3.res
         Debug\MFCZhongHe3.exe.embed.manifest.res
         Debug\ADDdlg.obj
         Debug\changeDlg.obj
         Debug\MainFrm.obj
         Debug\MFCZhongHe3.obj
         Debug\MFCZhongHe3Doc.obj
         Debug\MFCZhongHe3Set.obj
         Debug\MFCZhongHe3View.obj
         Debug\stdafx.obj
       Manifest:
         C:\Program Files (x86)\Microsoft SDKs\Windows\v7.0A\bin\mt.exe /nologo /verbose /out:"Debug\MFCZhongHe3.exe.embed.manifest" /manifest Debug\MFCZhongHe3.exe.intermediate.manifest "C:\Program Files (x86)\Microsoft Visual Studio 10.0\VC\Include\Manifest\dpiaware.manifest"
         所有输出均为最新。
       LinkEmbedManifest:
         所有输出均为最新。
         MFCZhongHe3.vcxproj -> C:\vc代码暂存\MFCZhongHe3\Debug\MFCZhongHe3.exe
       FinalizeBuildStatus:
         正在删除文件“Debug\MFCZhongHe3.unsuccessfulbuild”。
         正在对“Debug\MFCZhongHe3.lastbuildstate”执行 Touch 任务。
     1>已完成生成项目“C:\vc代码暂存\MFCZhongHe3\MFCZhongHe3\MFCZhongHe3.vcxproj”(build 个目标)的操作。

生成成功。

已用时间 00:00:01.39
