生成启动时间为 2020/4/28 15:00:10。
     1>项目“C:\vc代码暂存\MFCtext11(2)\MFCtext11(2)\MFCtext11(2).vcxproj”在节点 2 上(build 个目标)。
     1>InitializeBuildStatus:
         正在创建“Debug\MFCtext11(2).unsuccessfulbuild”，因为已指定“AlwaysCreate”。
       ClCompile:
         所有输出均为最新。
         所有输出均为最新。
       ResourceCompile:
         所有输出均为最新。
       ManifestResourceCompile:
         所有输出均为最新。
       Link:
         C:\Program Files (x86)\Microsoft Visual Studio 10.0\VC\bin\link.exe /ERRORREPORT:PROMPT /OUT:"C:\vc代码暂存\MFCtext11(2)\Debug\MFCtext11(2).exe" /INCREMENTAL /NOLOGO /MANIFEST /ManifestFile:"Debug\MFCtext11(2).exe.intermediate.manifest" /MANIFESTUAC:"level='asInvoker' uiAccess='false'" /DEBUG /PDB:"C:\vc代码暂存\MFCtext11(2)\Debug\MFCtext11(2).pdb" /SUBSYSTEM:WINDOWS /TLBID:1 /ENTRY:"wWinMainCRTStartup" /DYNAMICBASE /NXCOMPAT /IMPLIB:"C:\vc代码暂存\MFCtext11(2)\Debug\MFCtext11(2).lib" /MACHINE:X86 "Debug\MFCtext11(2).res"
         "Debug\MFCtext11(2).exe.embed.manifest.res"
         Debug\Dlg.obj
         Debug\MainFrm.obj
         "Debug\MFCtext11(2).obj"
         "Debug\MFCtext11(2)Doc.obj"
         "Debug\MFCtext11(2)View.obj"
         Debug\stdafx.obj
       Manifest:
         C:\Program Files (x86)\Microsoft SDKs\Windows\v7.0A\bin\mt.exe /nologo /verbose /out:"Debug\MFCtext11(2).exe.embed.manifest" /manifest "Debug\MFCtext11(2).exe.intermediate.manifest" "C:\Program Files (x86)\Microsoft Visual Studio 10.0\VC\Include\Manifest\dpiaware.manifest"
         所有输出均为最新。
       LinkEmbedManifest:
         所有输出均为最新。
         MFCtext11(2).vcxproj -> C:\vc代码暂存\MFCtext11(2)\Debug\MFCtext11(2).exe
       FinalizeBuildStatus:
         正在删除文件“Debug\MFCtext11(2).unsuccessfulbuild”。
         正在对“Debug\MFCtext11(2).lastbuildstate”执行 Touch 任务。
     1>已完成生成项目“C:\vc代码暂存\MFCtext11(2)\MFCtext11(2)\MFCtext11(2).vcxproj”(build 个目标)的操作。

生成成功。

已用时间 00:00:05.82
