生成启动时间为 2020/3/10 14:56:33。
     1>项目“c:\Users\14282\documents\visual studio 2010\Projects\MFCtext4(2)\MFCtext4(2)\MFCtext4(2).vcxproj”在节点 2 上(build 个目标)。
     1>InitializeBuildStatus:
         正在创建“Debug\MFCtext4(2).unsuccessfulbuild”，因为已指定“AlwaysCreate”。
       ClCompile:
         所有输出均为最新。
         C:\Program Files (x86)\Microsoft Visual Studio 10.0\VC\bin\CL.exe /c /ZI /nologo /W3 /WX- /Od /Oy- /D WIN32 /D _WINDOWS /D _DEBUG /D _UNICODE /D UNICODE /D _AFXDLL /Gm /EHsc /RTC1 /MDd /GS /fp:precise /Zc:wchar_t /Zc:forScope /Yu"StdAfx.h" /Fp"Debug\MFCtext4(2).pch" /Fo"Debug\\" /Fd"Debug\vc100.pdb" /Gd /TP /analyze- /errorReport:prompt "MFCtext4(2).cpp" "MFCtext4(2)View.cpp"
         MFCtext4(2)View.cpp
         正在生成代码...
         正在跳过...(未检测到相关更改)
         MFCtext4(2).cpp
       ResourceCompile:
         所有输出均为最新。
       ManifestResourceCompile:
         所有输出均为最新。
       Link:
         C:\Program Files (x86)\Microsoft Visual Studio 10.0\VC\bin\link.exe /ERRORREPORT:PROMPT /OUT:"c:\users\14282\documents\visual studio 2010\Projects\MFCtext4(2)\Debug\MFCtext4(2).exe" /INCREMENTAL /NOLOGO /MANIFEST /ManifestFile:"Debug\MFCtext4(2).exe.intermediate.manifest" /MANIFESTUAC:"level='asInvoker' uiAccess='false'" /DEBUG /PDB:"c:\users\14282\documents\visual studio 2010\Projects\MFCtext4(2)\Debug\MFCtext4(2).pdb" /SUBSYSTEM:WINDOWS /TLBID:1 /ENTRY:"wWinMainCRTStartup" /DYNAMICBASE /NXCOMPAT /IMPLIB:"c:\users\14282\documents\visual studio 2010\Projects\MFCtext4(2)\Debug\MFCtext4(2).lib" /MACHINE:X86 "Debug\MFCtext4(2).res"
         "Debug\MFCtext4(2).exe.embed.manifest.res"
         Debug\MainFrm.obj
         "Debug\MFCtext4(2).obj"
         "Debug\MFCtext4(2)Doc.obj"
         "Debug\MFCtext4(2)View.obj"
         Debug\stdafx.obj
       Manifest:
         C:\Program Files (x86)\Microsoft SDKs\Windows\v7.0A\bin\mt.exe /nologo /verbose /out:"Debug\MFCtext4(2).exe.embed.manifest" /manifest "Debug\MFCtext4(2).exe.intermediate.manifest" "C:\Program Files (x86)\Microsoft Visual Studio 10.0\VC\Include\Manifest\dpiaware.manifest"
         所有输出均为最新。
       LinkEmbedManifest:
         所有输出均为最新。
         MFCtext4(2).vcxproj -> c:\users\14282\documents\visual studio 2010\Projects\MFCtext4(2)\Debug\MFCtext4(2).exe
       FinalizeBuildStatus:
         正在删除文件“Debug\MFCtext4(2).unsuccessfulbuild”。
         正在对“Debug\MFCtext4(2).lastbuildstate”执行 Touch 任务。
     1>已完成生成项目“c:\Users\14282\documents\visual studio 2010\Projects\MFCtext4(2)\MFCtext4(2)\MFCtext4(2).vcxproj”(build 个目标)的操作。

生成成功。

已用时间 00:00:05.11
