生成启动时间为 2020/3/29 21:36:34。
     1>项目“C:\vc代码暂存\MFCtext1(4)\MFCtext1(4)\MFCtext1(4).vcxproj”在节点 2 上(build 个目标)。
     1>InitializeBuildStatus:
         正在创建“Debug\MFCtext1(4).unsuccessfulbuild”，因为已指定“AlwaysCreate”。
       ClCompile:
         所有输出均为最新。
         C:\Program Files (x86)\Microsoft Visual Studio 10.0\VC\bin\CL.exe /c /ZI /nologo /W3 /WX- /Od /Oy- /D WIN32 /D _WINDOWS /D _DEBUG /D _UNICODE /D UNICODE /D _AFXDLL /Gm /EHsc /RTC1 /MDd /GS /fp:precise /Zc:wchar_t /Zc:forScope /Yu"StdAfx.h" /Fp"Debug\MFCtext1(4).pch" /Fo"Debug\\" /Fd"Debug\vc100.pdb" /Gd /TP /analyze- /errorReport:prompt "MFCtext1(4)View.cpp"
         MFCtext1(4)View.cpp
       ResourceCompile:
         所有输出均为最新。
       ManifestResourceCompile:
         所有输出均为最新。
       Link:
         C:\Program Files (x86)\Microsoft Visual Studio 10.0\VC\bin\link.exe /ERRORREPORT:PROMPT /OUT:"C:\vc代码暂存\MFCtext1(4)\Debug\MFCtext1(4).exe" /INCREMENTAL /NOLOGO /MANIFEST /ManifestFile:"Debug\MFCtext1(4).exe.intermediate.manifest" /MANIFESTUAC:"level='asInvoker' uiAccess='false'" /DEBUG /PDB:"C:\vc代码暂存\MFCtext1(4)\Debug\MFCtext1(4).pdb" /SUBSYSTEM:WINDOWS /TLBID:1 /ENTRY:"wWinMainCRTStartup" /DYNAMICBASE /NXCOMPAT /IMPLIB:"C:\vc代码暂存\MFCtext1(4)\Debug\MFCtext1(4).lib" /MACHINE:X86 "Debug\MFCtext1(4).res"
         "Debug\MFCtext1(4).exe.embed.manifest.res"
         Debug\MainFrm.obj
         "Debug\MFCtext1(4).obj"
         "Debug\MFCtext1(4)Doc.obj"
         "Debug\MFCtext1(4)View.obj"
         Debug\stdafx.obj
       Manifest:
         C:\Program Files (x86)\Microsoft SDKs\Windows\v7.0A\bin\mt.exe /nologo /verbose /out:"Debug\MFCtext1(4).exe.embed.manifest" /manifest "Debug\MFCtext1(4).exe.intermediate.manifest" "C:\Program Files (x86)\Microsoft Visual Studio 10.0\VC\Include\Manifest\dpiaware.manifest"
         所有输出均为最新。
       LinkEmbedManifest:
         所有输出均为最新。
         MFCtext1(4).vcxproj -> C:\vc代码暂存\MFCtext1(4)\Debug\MFCtext1(4).exe
       FinalizeBuildStatus:
         正在删除文件“Debug\MFCtext1(4).unsuccessfulbuild”。
         正在对“Debug\MFCtext1(4).lastbuildstate”执行 Touch 任务。
     1>已完成生成项目“C:\vc代码暂存\MFCtext1(4)\MFCtext1(4)\MFCtext1(4).vcxproj”(build 个目标)的操作。

生成成功。

已用时间 00:00:04.22
