生成启动时间为 2020/3/18 17:56:45。
     1>项目“C:\VC-MFC-codes\MFCtext6\text0\text0.vcxproj”在节点 2 上(build 个目标)。
     1>InitializeBuildStatus:
         正在对“Debug\text0.unsuccessfulbuild”执行 Touch 任务。
       ClCompile:
         所有输出均为最新。
         C:\Program Files (x86)\Microsoft Visual Studio 10.0\VC\bin\CL.exe /c /ZI /nologo /W3 /WX- /Od /Oy- /D WIN32 /D _WINDOWS /D _DEBUG /D _UNICODE /D UNICODE /D _AFXDLL /Gm /EHsc /RTC1 /MDd /GS /fp:precise /Zc:wchar_t /Zc:forScope /Yu"StdAfx.h" /Fp"Debug\text0.pch" /Fo"Debug\\" /Fd"Debug\vc100.pdb" /Gd /TP /analyze- /errorReport:prompt text0View.cpp
         text0View.cpp
       ResourceCompile:
         所有输出均为最新。
       ManifestResourceCompile:
         所有输出均为最新。
       Link:
         C:\Program Files (x86)\Microsoft Visual Studio 10.0\VC\bin\link.exe /ERRORREPORT:PROMPT /OUT:"C:\VC-MFC-codes\MFCtext6\Debug\text0.exe" /INCREMENTAL /NOLOGO /MANIFEST /ManifestFile:"Debug\text0.exe.intermediate.manifest" /MANIFESTUAC:"level='asInvoker' uiAccess='false'" /DEBUG /PDB:"C:\VC-MFC-codes\MFCtext6\Debug\text0.pdb" /SUBSYSTEM:WINDOWS /TLBID:1 /ENTRY:"wWinMainCRTStartup" /DYNAMICBASE /NXCOMPAT /IMPLIB:"C:\VC-MFC-codes\MFCtext6\Debug\text0.lib" /MACHINE:X86 Debug\text0.res
         Debug\text0.exe.embed.manifest.res
         Debug\MainFrm.obj
         Debug\stdafx.obj
         Debug\text0.obj
         Debug\text0Doc.obj
         Debug\text0View.obj
       Manifest:
         C:\Program Files (x86)\Microsoft SDKs\Windows\v7.0A\bin\mt.exe /nologo /verbose /out:"Debug\text0.exe.embed.manifest" /manifest Debug\text0.exe.intermediate.manifest "C:\Program Files (x86)\Microsoft Visual Studio 10.0\VC\Include\Manifest\dpiaware.manifest"
         所有输出均为最新。
       LinkEmbedManifest:
         所有输出均为最新。
         text0.vcxproj -> C:\VC-MFC-codes\MFCtext6\Debug\text0.exe
       FinalizeBuildStatus:
         正在删除文件“Debug\text0.unsuccessfulbuild”。
         正在对“Debug\text0.lastbuildstate”执行 Touch 任务。
     1>已完成生成项目“C:\VC-MFC-codes\MFCtext6\text0\text0.vcxproj”(build 个目标)的操作。

生成成功。

已用时间 00:00:06.78
