生成启动时间为 2020/3/30 17:44:10。
     1>项目“C:\vc代码暂存\MFCtext8(3)\MFCtext8(3)\MFCtext8(3).vcxproj”在节点 2 上(build 个目标)。
     1>InitializeBuildStatus:
         正在创建“Debug\MFCtext8(3).unsuccessfulbuild”，因为已指定“AlwaysCreate”。
       ClCompile:
         所有输出均为最新。
         C:\Program Files (x86)\Microsoft Visual Studio 10.0\VC\bin\CL.exe /c /ZI /nologo /W3 /WX- /Od /Oy- /D WIN32 /D _WINDOWS /D _DEBUG /D _UNICODE /D UNICODE /D _AFXDLL /Gm /EHsc /RTC1 /MDd /GS /fp:precise /Zc:wchar_t /Zc:forScope /Yu"StdAfx.h" /Fp"Debug\MFCtext8(3).pch" /Fo"Debug\\" /Fd"Debug\vc100.pdb" /Gd /TP /analyze- /errorReport:prompt "MFCtext8(3).cpp" "MFCtext8(3)View.cpp"
         MFCtext8(3)View.cpp
         正在生成代码...
         正在跳过...(未检测到相关更改)
         MFCtext8(3).cpp
       ResourceCompile:
         所有输出均为最新。
       ManifestResourceCompile:
         所有输出均为最新。
       Link:
         C:\Program Files (x86)\Microsoft Visual Studio 10.0\VC\bin\link.exe /ERRORREPORT:PROMPT /OUT:"C:\vc代码暂存\MFCtext8(3)\Debug\MFCtext8(3).exe" /INCREMENTAL /NOLOGO /MANIFEST /ManifestFile:"Debug\MFCtext8(3).exe.intermediate.manifest" /MANIFESTUAC:"level='asInvoker' uiAccess='false'" /DEBUG /PDB:"C:\vc代码暂存\MFCtext8(3)\Debug\MFCtext8(3).pdb" /SUBSYSTEM:WINDOWS /TLBID:1 /ENTRY:"wWinMainCRTStartup" /DYNAMICBASE /NXCOMPAT /IMPLIB:"C:\vc代码暂存\MFCtext8(3)\Debug\MFCtext8(3).lib" /MACHINE:X86 "Debug\MFCtext8(3).res"
         "Debug\MFCtext8(3).exe.embed.manifest.res"
         Debug\MainFrm.obj
         "Debug\MFCtext8(3).obj"
         "Debug\MFCtext8(3)Doc.obj"
         "Debug\MFCtext8(3)View.obj"
         Debug\stdafx.obj
       Manifest:
         C:\Program Files (x86)\Microsoft SDKs\Windows\v7.0A\bin\mt.exe /nologo /verbose /out:"Debug\MFCtext8(3).exe.embed.manifest" /manifest "Debug\MFCtext8(3).exe.intermediate.manifest" "C:\Program Files (x86)\Microsoft Visual Studio 10.0\VC\Include\Manifest\dpiaware.manifest"
         所有输出均为最新。
       LinkEmbedManifest:
         所有输出均为最新。
         MFCtext8(3).vcxproj -> C:\vc代码暂存\MFCtext8(3)\Debug\MFCtext8(3).exe
       FinalizeBuildStatus:
         正在删除文件“Debug\MFCtext8(3).unsuccessfulbuild”。
         正在对“Debug\MFCtext8(3).lastbuildstate”执行 Touch 任务。
     1>已完成生成项目“C:\vc代码暂存\MFCtext8(3)\MFCtext8(3)\MFCtext8(3).vcxproj”(build 个目标)的操作。

生成成功。

已用时间 00:00:03.70
