生成启动时间为 2020/3/22 11:56:39。
     1>项目“C:\VC-MFC-codes\MFCtext6(2)\MFCtext6(2)\MFCtext6(2).vcxproj”在节点 2 上(build 个目标)。
     1>InitializeBuildStatus:
         正在对“Debug\MFCtext6(2).unsuccessfulbuild”执行 Touch 任务。
       ClCompile:
         所有输出均为最新。
         所有输出均为最新。
       ResourceCompile:
         所有输出均为最新。
       ManifestResourceCompile:
         所有输出均为最新。
       Link:
         C:\Program Files (x86)\Microsoft Visual Studio 10.0\VC\bin\link.exe /ERRORREPORT:PROMPT /OUT:"C:\VC-MFC-codes\MFCtext6(2)\Debug\MFCtext6(2).exe" /INCREMENTAL /NOLOGO /MANIFEST /ManifestFile:"Debug\MFCtext6(2).exe.intermediate.manifest" /MANIFESTUAC:"level='asInvoker' uiAccess='false'" /DEBUG /PDB:"C:\VC-MFC-codes\MFCtext6(2)\Debug\MFCtext6(2).pdb" /SUBSYSTEM:WINDOWS /TLBID:1 /ENTRY:"wWinMainCRTStartup" /DYNAMICBASE /NXCOMPAT /IMPLIB:"C:\VC-MFC-codes\MFCtext6(2)\Debug\MFCtext6(2).lib" /MACHINE:X86 "Debug\MFCtext6(2).res"
         "Debug\MFCtext6(2).exe.embed.manifest.res"
         Debug\MainFrm.obj
         "Debug\MFCtext6(2).obj"
         "Debug\MFCtext6(2)Doc.obj"
         "Debug\MFCtext6(2)View.obj"
         Debug\stdafx.obj
       Manifest:
         C:\Program Files (x86)\Microsoft SDKs\Windows\v7.0A\bin\mt.exe /nologo /verbose /out:"Debug\MFCtext6(2).exe.embed.manifest" /manifest "Debug\MFCtext6(2).exe.intermediate.manifest" "C:\Program Files (x86)\Microsoft Visual Studio 10.0\VC\Include\Manifest\dpiaware.manifest"
         所有输出均为最新。
       LinkEmbedManifest:
         所有输出均为最新。
         MFCtext6(2).vcxproj -> C:\VC-MFC-codes\MFCtext6(2)\Debug\MFCtext6(2).exe
       FinalizeBuildStatus:
         正在删除文件“Debug\MFCtext6(2).unsuccessfulbuild”。
         正在对“Debug\MFCtext6(2).lastbuildstate”执行 Touch 任务。
     1>已完成生成项目“C:\VC-MFC-codes\MFCtext6(2)\MFCtext6(2)\MFCtext6(2).vcxproj”(build 个目标)的操作。

生成成功。

已用时间 00:00:02.56
